I: 2017/07/11 16:46:51 main.go:120: bigint(20)
I: 2017/07/11 16:46:51 main.go:120: text
I: 2017/07/11 16:46:51 main.go:120: decimal(6,2)
I: 2017/07/11 16:46:51 main.go:120: varchar(50)
I: 2017/07/11 16:46:51 main.go:120: varchar(50)
I: 2017/07/11 16:46:51 main.go:120: varchar(50)
I: 2017/07/11 16:46:51 main.go:120: bigint(20)
I: 2017/07/11 16:46:51 main.go:120: text
I: 2017/07/11 16:46:51 main.go:120: int(11)
I: 2017/07/11 16:46:51 main.go:120: datetime
I: 2017/07/11 16:46:51 main.go:120: datetime
I: 2017/07/11 16:46:51 main.go:120: bigint(20)
I: 2017/07/11 16:46:51 main.go:120: int(11)
I: 2017/07/11 16:46:51 main.go:120: varchar(255)
I: 2017/07/11 16:46:51 main.go:120: varchar(255)
I: 2017/07/11 16:46:51 main.go:120: datetime
I: 2017/07/11 16:46:51 main.go:120: bigint(20)
I: 2017/07/11 16:46:51 main.go:120: varchar(50)
I: 2017/07/11 16:46:51 main.go:120: varchar(50)
I: 2017/07/11 16:46:51 main.go:120: varchar(20)
I: 2017/07/11 16:46:51 main.go:120: varchar(50)
I: 2017/07/11 16:46:51 main.go:120: varchar(50)
I: 2017/07/11 16:46:51 main.go:120: varchar(50)
I: 2017/07/11 16:46:51 main.go:120: varchar(50)
I: 2017/07/11 16:46:51 main.go:120: decimal(10,2)
I: 2017/07/11 16:46:51 main.go:120: int(11)
I: 2017/07/11 16:46:51 main.go:120: varchar(200)
I: 2017/07/11 16:46:51 main.go:120: varchar(80)
I: 2017/07/11 16:46:51 main.go:120: int(11)
I: 2017/07/11 16:46:51 main.go:120: bigint(20)
I: 2017/07/11 16:46:51 main.go:120: decimal(10,2)
I: 2017/07/11 16:46:51 main.go:120: date
I: 2017/07/11 16:46:51 main.go:120: date
I: 2017/07/11 16:46:51 main.go:120: varchar(50)
I: 2017/07/11 16:46:51 main.go:120: int(11)
I: 2017/07/11 16:46:51 main.go:120: decimal(10,2)
I: 2017/07/11 16:46:51 main.go:120: bigint(20)
I: 2017/07/11 16:46:51 main.go:120: varchar(40)
I: 2017/07/11 16:46:51 main.go:120: int(11)
I: 2017/07/11 16:46:51 main.go:120: int(11)
I: 2017/07/11 16:46:51 main.go:120: int(11)
I: 2017/07/11 16:46:51 main.go:120: varchar(50)
I: 2017/07/11 16:46:51 main.go:120: int(11)
I: 2017/07/11 16:46:51 main.go:120: int(11)
I: 2017/07/11 16:46:51 main.go:120: varchar(50)
I: 2017/07/11 16:46:51 main.go:120: varchar(50)
I: 2017/07/11 16:46:51 main.go:120: varchar(50)
I: 2017/07/11 16:46:51 main.go:120: varchar(200)
I: 2017/07/11 16:46:51 main.go:120: int(11)
I: 2017/07/11 16:46:51 main.go:120: varchar(50)
I: 2017/07/11 16:46:51 main.go:120: int(11)
I: 2017/07/11 16:46:51 main.go:120: int(11)
I: 2017/07/11 16:46:51 main.go:120: decimal(1,0)
I: 2017/07/11 16:46:51 main.go:120: varchar(50)
I: 2017/07/11 16:46:51 main.go:120: varchar(200)
I: 2017/07/11 16:46:51 main.go:120: int(11)
I: 2017/07/11 16:46:51 main.go:120: varchar(255)
I: 2017/07/11 16:46:51 main.go:120: varchar(255)
I: 2017/07/11 16:46:51 main.go:120: text
I: 2017/07/11 16:46:51 main.go:120: varchar(255)
I: 2017/07/11 16:46:51 main.go:120: varchar(255)
I: 2017/07/11 16:46:51 main.go:120: datetime
I: 2017/07/11 16:46:51 main.go:120: int(11)
I: 2017/07/11 16:46:51 main.go:120: varchar(255)
I: 2017/07/11 16:46:51 main.go:120: varchar(255)
I: 2017/07/11 16:46:51 main.go:120: varchar(255)
I: 2017/07/11 16:46:51 main.go:120: text
I: 2017/07/11 16:46:51 main.go:120: varchar(255)
I: 2017/07/11 16:46:51 main.go:120: decimal(10,2)
I: 2017/07/11 16:46:51 main.go:120: varchar(255)
I: 2017/07/11 16:46:51 main.go:120: varchar(255)
I: 2017/07/11 16:46:51 main.go:120: varchar(255)
I: 2017/07/11 16:46:51 main.go:120: datetime
I: 2017/07/11 16:46:51 main.go:120: int(11)
I: 2017/07/11 16:46:51 main.go:120: varchar(255)
I: 2017/07/11 16:46:51 main.go:120: int(11)
I: 2017/07/11 16:46:51 main.go:120: varchar(50)
I: 2017/07/11 16:46:51 main.go:120: int(11)
I: 2017/07/11 16:46:51 main.go:120: date
I: 2017/07/11 16:46:51 main.go:120: varchar(200)
I: 2017/07/11 16:46:51 main.go:120: int(11)
I: 2017/07/11 16:46:51 main.go:120: int(11)
I: 2017/07/11 16:46:51 main.go:120: int(11)
I: 2017/07/11 16:46:51 main.go:120: varchar(200)
I: 2017/07/11 16:46:51 main.go:120: bigint(20)
I: 2017/07/11 16:46:51 main.go:120: varchar(255)
I: 2017/07/11 16:46:51 main.go:120: varchar(20)
I: 2017/07/11 16:46:51 main.go:120: datetime
I: 2017/07/11 16:46:51 main.go:120: tinyint(4)
I: 2017/07/11 16:46:51 main.go:120: tinyint(4)
I: 2017/07/11 16:46:51 main.go:120: int(11)
I: 2017/07/11 16:46:51 main.go:120: varchar(50)
I: 2017/07/11 16:46:51 main.go:120: varchar(20)
I: 2017/07/11 16:46:51 main.go:120: decimal(1,0)
I: 2017/07/11 16:46:51 main.go:120: varchar(30)
I: 2017/07/11 16:46:51 main.go:120: varchar(50)
I: 2017/07/11 16:46:51 main.go:120: varchar(200)
I: 2017/07/11 16:46:51 main.go:120: varchar(50)
I: 2017/07/11 16:46:51 main.go:120: int(11)
I: 2017/07/11 16:46:51 main.go:120: int(11)
I: 2017/07/11 16:46:51 main.go:120: int(11)
I: 2017/07/11 16:46:51 main.go:120: varchar(50)
I: 2017/07/11 16:46:51 main.go:120: varchar(100)
I: 2017/07/11 16:46:51 main.go:120: varchar(25)
I: 2017/07/11 16:46:51 main.go:120: varchar(15)
I: 2017/07/11 16:46:51 main.go:120: varchar(20)
I: 2017/07/11 16:46:51 main.go:120: varchar(20)
I: 2017/07/11 16:46:51 main.go:120: varchar(50)
I: 2017/07/11 16:46:51 main.go:120: varchar(50)
I: 2017/07/11 16:46:51 main.go:120: varchar(32)
I: 2017/07/11 16:46:51 main.go:120: varchar(50)
I: 2017/07/11 16:46:51 main.go:120: varchar(50)
I: 2017/07/11 16:46:51 main.go:120: varchar(25)
I: 2017/07/11 16:46:51 main.go:120: varchar(50)
I: 2017/07/11 16:46:51 main.go:120: varchar(50)
I: 2017/07/11 16:46:51 main.go:120: varchar(50)
